-------------------
[]
[('I', 1)]
[]
[]
[]
[]
-------------------
-------------------
[]
[('I', 1)]
[]
[('IV', 4)]
[]
[]
-------------------
-------------------
[]
[('I', 1)]
[]
[('IV', 4)]
[('XXV', 25)]
[]
-------------------
4
-------------------
[]
[('XVI', 16), ('I', 1)]
[]
[('IV', 4)]
[('XXV', 25)]
[]
-------------------
-------------------
[]
[('XVI', 16), ('I', 1)]
[]
[('IV', 4)]
[('XXV', 25)]
[('IX', 9)]
-------------------
1
-------------------
[]
[('XVI', 16), ('I', 1)]
[]
[('IV', 4)]
[('XXV', 25)]
[('LXIV', 64), ('IX', 9)]
-------------------
16
-------------------
[]
[('XVI', 16), ('I', 1)]
[]
[('IV', 4)]
[('XXV', 25)]
[('LXXXI', 81), ('LXIV', 64), ('IX', 9)]
-------------------
-------------------
[]
[('XVI', 16), ('I', 1)]
[]
[('XXXVI', 36), ('IV', 4)]
[('XXV', 25)]
[('LXXXI', 81), ('LXIV', 64), ('IX', 9)]
-------------------
25
-------------------
[]
[('XLIX', 49), ('XVI', 16), ('I', 1)]
[]
[('XXXVI', 36), ('IV', 4)]
[('XXV', 25)]
[('LXXXI', 81), ('LXIV', 64), ('IX', 9)]
-------------------
-------------------
[]
[('XLIX', 49), ('XVI', 16), ('I', 1)]
[]
[('XXXVI', 36)]
[('XXV', 25)]
[('LXXXI', 81), ('LXIV', 64), ('IX', 9)]
-------------------
-1
-------------------
[]
[('XLIX', 49), ('XVI', 16), ('I', 1)]
[]
[('XXXVI', 36)]
[('XXV', 25)]
[('LXIV', 64), ('IX', 9)]
-------------------
-1
